2026-01-02 13:46:23,177 - INFO - Starting the trading bot...
2026-01-02 13:46:23,191 - INFO - API client configured with access token.
2026-01-02 13:46:23,191 - INFO - Authentication successful.
2026-01-02 13:46:23,192 - WARNING - Using hardcoded instruments for verification purposes.
2026-01-02 13:46:23,192 - INFO - Modules initialized.
2026-01-02 13:46:23,192 - INFO - Entering main trading loop...
2026-01-02 13:46:23,192 - WARNING - Using hardcoded instruments for verification purposes.
DEBUG: Initializing Streamer...
DEBUG: Streamer Initialized.
2026-01-02 13:46:24,194 - INFO - Market data stream started.
2026-01-02 13:46:24,194 - INFO - Calculating Hunter Zone...
2026-01-02 13:46:24,409 - INFO - Fetched F&O historical data for NSE_INDEX|Nifty 50
2026-01-02 13:46:24,453 - INFO - Hunter Zone for NSE_INDEX|Nifty 50 on 2026-01-01: {'high': np.float64(26168.6), 'low': np.float64(26126.8)}
2026-01-02 13:46:24,535 - INFO - Fetched F&O historical data for NSE_INDEX|Nifty Bank
2026-01-02 13:46:24,573 - INFO - Hunter Zone for NSE_INDEX|Nifty Bank on 2026-01-01: {'high': np.float64(59735.8), 'low': np.float64(59668.5)}
2026-01-02 13:46:24,971 - ERROR - Websocket error: (WebSocketBadStatusException('Handshake status 401 Unauthorized -+-+- {\'date\': \'Fri, 02 Jan 2026 13:46:24 GMT\', \'content-type\': \'application/json\', \'transfer-encoding\': \'chunked\', \'connection\': \'keep-alive\', \'reqid\': \'5686585e-78df-484e-a9ae-489c78e020d3\', \'x-content-type-options\': \'nosniff\', \'x-xss-protection\': \'0\', \'pragma\': \'no-cache\', \'strict-transport-security\': \'max-age=0; includeSubDomains\', \'x-frame-options\': \'DENY\', \'cache-control\': \'must-revalidate,no-cache,no-store\', \'vary\': \'Access-Control-Request-Headers\', \'message\': \'request failed\', \'cf-cache-status\': \'DYNAMIC\', \'set-cookie\': \'__cf_bm=acubjENdVYgJsIwbQ.E0gdPu3vaMkqiOZ2mkLIAcNXg-1767361584-1.0.1.1-loWcfI5571.THKdNeBWJkaey6LfH0Pa.Pj8fa45Ybc89dR5A0UrbvsPPDUQH3YZv; path=/; expires=Fri, 02-Jan-26 14:16:24 GMT; domain=.upstox.com; HttpOnly; Secure; _cfuvid=vLTO2sUHlXjbOqbCrw1OSTVh22G5nCTh.oHS1u4.VMY-1767361584959-0.0.1.1-604800000; path=/; domain=.upstox.com; HttpOnly; Secure; SameSite=None\', \'server\': \'cloudflare\', \'cf-ray\': \'9b7ab3cd8ffa13f9-ORD\', \'alt-svc\': \'h3=":443"; ma=86400\'} -+-+- None'),)
2026-01-02 13:46:24,972 - ERROR - Handshake status 401 Unauthorized -+-+- {'date': 'Fri, 02 Jan 2026 13:46:24 GMT', 'content-type': 'application/json', 'transfer-encoding': 'chunked', 'connection': 'keep-alive', 'reqid': '5686585e-78df-484e-a9ae-489c78e020d3', 'x-content-type-options': 'nosniff', 'x-xss-protection': '0', 'pragma': 'no-cache', 'strict-transport-security': 'max-age=0; includeSubDomains', 'x-frame-options': 'DENY', 'cache-control': 'must-revalidate,no-cache,no-store', 'vary': 'Access-Control-Request-Headers', 'message': 'request failed', 'cf-cache-status': 'DYNAMIC', 'set-cookie': '__cf_bm=acubjENdVYgJsIwbQ.E0gdPu3vaMkqiOZ2mkLIAcNXg-1767361584-1.0.1.1-loWcfI5571.THKdNeBWJkaey6LfH0Pa.Pj8fa45Ybc89dR5A0UrbvsPPDUQH3YZv; path=/; expires=Fri, 02-Jan-26 14:16:24 GMT; domain=.upstox.com; HttpOnly; Secure; _cfuvid=vLTO2sUHlXjbOqbCrw1OSTVh22G5nCTh.oHS1u4.VMY-1767361584959-0.0.1.1-604800000; path=/; domain=.upstox.com; HttpOnly; Secure; SameSite=None', 'server': 'cloudflare', 'cf-ray': '9b7ab3cd8ffa13f9-ORD', 'alt-svc': 'h3=":443"; ma=86400'} -+-+- None - goodbye
2026-01-02 13:46:24,972 - INFO - Websocket connection closed.
2026-01-02 13:46:26,467 - INFO - Fetched equity historical data for NSE_EQ|INE860A01027
2026-01-02 13:46:26,585 - INFO - Hunter Zone for NSE_EQ|INE860A01027 on 2026-01-01: {'high': np.float64(1645.6), 'low': np.float64(1631.0)}
2026-01-02 13:46:27,269 - INFO - Fetched equity historical data for NSE_EQ|INE07Y701011
2026-01-02 13:46:27,382 - INFO - Hunter Zone for NSE_EQ|INE07Y701011 on 2026-01-01: {'high': np.float64(18521.0), 'low': np.float64(18328.0)}
2026-01-02 13:46:29,276 - INFO - Fetched equity historical data for NSE_EQ|INE361B01024
2026-01-02 13:46:29,390 - INFO - Hunter Zone for NSE_EQ|INE361B01024 on 2026-01-01: {'high': np.float64(6347.5), 'low': np.float64(6326.0)}
2026-01-02 13:46:30,006 - INFO - Fetched equity historical data for NSE_EQ|INE670A01012
2026-01-02 13:46:30,116 - INFO - Hunter Zone for NSE_EQ|INE670A01012 on 2026-01-01: {'high': np.float64(5225.0), 'low': np.float64(5200.5)}
2026-01-02 13:46:31,948 - INFO - Fetched equity historical data for NSE_EQ|INE04I401011
2026-01-02 13:46:32,063 - INFO - Hunter Zone for NSE_EQ|INE04I401011 on 2026-01-01: {'high': np.float64(1167.8), 'low': np.float64(1160.0)}
2026-01-02 13:46:32,714 - INFO - Fetched equity historical data for NSE_EQ|INE765G01017
2026-01-02 13:46:32,826 - INFO - Hunter Zone for NSE_EQ|INE765G01017 on 2026-01-01: {'high': np.float64(1959.9), 'low': np.float64(1950.0)}
2026-01-02 13:46:33,379 - INFO - Fetched equity historical data for NSE_EQ|INE081A01020
2026-01-02 13:46:33,488 - INFO - Hunter Zone for NSE_EQ|INE081A01020 on 2026-01-01: {'high': np.float64(182.1), 'low': np.float64(181.01)}
